the competition will consist of two stages
stage one 3 be held in your school it 3 10 a three hour 2
involving 1 solving 5 five problems on an individual basis and 3 10
11 23 wednesday march fifth
there 3 10 no team 2
marks 3 10 awarded for accuracy 27 clarity 5 solution 1 2
3 10 marked 12 1 14 using 16 detailed marking scheme provided by 1
organizing committee 1 top papers 3 10 reassessed 46 1 47
48
8 6 3 10 11 at 1 university 5 waterloo
1 best fifteen competitors from 8 9 3 10 invited to 16 second
8 2 similar 12 nature 60 8 9 60 10 11 12 late may
12 addition 60 1 2 31 3 also 10 instructional seminars
27 social events 36 1 participants
results 5 1 6 7 3 10 used 12 1 selection 5 1 canadian 33
36 1 annual international olympiad 12 informatics 60 10 11 12
south africa 58 november thirtieth 60 december seventh
1 ioi is 24 77 2 12 1 discipline 5 informaticsfor
senior students 52 secondary schools all over 1 world
96 fifty countries participated 12 1 last 87 which was 11 12 hungary

this is a sample of text which has no repeated words
thus the dictionary will have every word in it upon program
termination

waterloo 1 1 1 1 1 1
is 2 2 2 2 2 2
a 3 3 3 3 3 3
nice 4 4 4 4 4 4
city 5 5 5 5 5 5

hello 1 1 1
1 1 1 1 1 1
1 1

