123456795
12345674
1234563
123453
12342
1232
121
11
The number 123456795 is divisible by 11.

2039
194
15
The number 2039 is not divisible by 11.

11
The number 11 is divisible by 11.

54862354760000000000532645
5486235476000000000053259
548623547600000000005316
54862354760000000000525
5486235476000000000047
548623547599999999997
54862354759999999992
5486235475999999997
548623547599999992
54862354759999997
5486235475999992
548623547599997
54862354759992
5486235475997
548623547592
54862354757
5486235468
548623538
54862345
5486229
548613
54858
5477
540
54
The number 54862354760000000000532645 is not divisible by 11.

10000000000500000000007
1000000000049999999993
100000000004999999996
10000000000499999993
1000000000049999996
100000000004999993
10000000000499996
1000000000049993
100000000004996
10000000000493
1000000000046
99999999998
9999999991
999999998
99999991
9999998
999991
99998
9991
998
91
The number 10000000000500000000007 is not divisible by 11.

